0 info it worked if it ends with ok
1 verbose cli [ '/usr/bin/nodejs', '/usr/bin/npm', 'run', 'serve' ]
2 info using npm@3.8.6
3 info using node@v5.12.0
4 verbose run-script [ 'preserve', 'serve', 'postserve' ]
5 info lifecycle angular-boilerplate@1.0.0~preserve: angular-boilerplate@1.0.0
6 silly lifecycle angular-boilerplate@1.0.0~preserve: no script for preserve, continuing
7 info lifecycle angular-boilerplate@1.0.0~serve: angular-boilerplate@1.0.0
8 verbose lifecycle angular-boilerplate@1.0.0~serve: unsafe-perm in lifecycle true
9 verbose lifecycle angular-boilerplate@1.0.0~serve: PATH: /usr/lib/node_modules/npm/bin/node-gyp-bin:/home/ldvt/tree/node_modules/.bin:/usr/bin:/home/ldvt/.cabal/bin:/opt/cabal/1.22/bin:/opt/ghc/7.10.3/bin:/home/ldvt/.cabal/bin:/opt/cabal/1.22/bin:/opt/ghc/7.10.3/bin:/usr/local/sbin:/usr/local/bin:/usr/sbin:/usr/bin:/sbin:/bin:/usr/games:/usr/local/games:/usr/bin/jdk1.8.0/bin
10 verbose lifecycle angular-boilerplate@1.0.0~serve: CWD: /home/ldvt/tree
11 silly lifecycle angular-boilerplate@1.0.0~serve: Args: [ '-c',
11 silly lifecycle   'live-server --open=src --entry-file=src/index.html  --quiet | gulp --env=dev' ]
12 silly lifecycle angular-boilerplate@1.0.0~serve: Returned: code: 1  signal: null
13 info lifecycle angular-boilerplate@1.0.0~serve: Failed to exec serve script
14 verbose stack Error: angular-boilerplate@1.0.0 serve: `live-server --open=src --entry-file=src/index.html  --quiet | gulp --env=dev`
14 verbose stack Exit status 1
14 verbose stack     at EventEmitter.<anonymous> (/usr/lib/node_modules/npm/lib/utils/lifecycle.js:239:16)
14 verbose stack     at emitTwo (events.js:100:13)
14 verbose stack     at EventEmitter.emit (events.js:185:7)
14 verbose stack     at ChildProcess.<anonymous> (/usr/lib/node_modules/npm/lib/utils/spawn.js:24:14)
14 verbose stack     at emitTwo (events.js:100:13)
14 verbose stack     at ChildProcess.emit (events.js:185:7)
14 verbose stack     at maybeClose (internal/child_process.js:850:16)
14 verbose stack     at Process.ChildProcess._handle.onexit (internal/child_process.js:215:5)
15 verbose pkgid angular-boilerplate@1.0.0
16 verbose cwd /home/ldvt/tree
17 error Linux 4.2.0-41-generic
18 error argv "/usr/bin/nodejs" "/usr/bin/npm" "run" "serve"
19 error node v5.12.0
20 error npm  v3.8.6
21 error code ELIFECYCLE
22 error angular-boilerplate@1.0.0 serve: `live-server --open=src --entry-file=src/index.html  --quiet | gulp --env=dev`
22 error Exit status 1
23 error Failed at the angular-boilerplate@1.0.0 serve script 'live-server --open=src --entry-file=src/index.html  --quiet | gulp --env=dev'.
23 error Make sure you have the latest version of node.js and npm installed.
23 error If you do, this is most likely a problem with the angular-boilerplate package,
23 error not with npm itself.
23 error Tell the author that this fails on your system:
23 error     live-server --open=src --entry-file=src/index.html  --quiet | gulp --env=dev
23 error You can get information on how to open an issue for this project with:
23 error     npm bugs angular-boilerplate
23 error Or if that isn't available, you can get their info via:
23 error     npm owner ls angular-boilerplate
23 error There is likely additional logging output above.
24 verbose exit [ 1, true ]
